<?xml version="1.0" encoding="UTF-8"?>
<robot generator="Robot 4.1.2 (Python 3.10.0 on win32)" generated="20211129 20:47:54.531" rpa="false" schemaversion="2">
<suite id="s1" name="SwagLagsTests" source="C:\Users\Alex\Desktop\SwagLabs\tests\SwagLagsTests.robot">
<test id="s1-t1" name="Test Case 12: Not Informing First Name for checkout">
<kw name="Open Website" library="Resource" type="SETUP">
<kw name="Open Browser" library="SeleniumLibrary">
<arg>about:blank</arg>
<arg>chrome</arg>
<doc>Opens a new browser instance to the optional ``url``.</doc>
<msg timestamp="20211129 20:47:54.769" level="INFO">Opening browser 'chrome' to base url 'about:blank'.</msg>
<status status="PASS" starttime="20211129 20:47:54.769" endtime="20211129 20:47:55.966"/>
</kw>
<status status="PASS" starttime="20211129 20:47:54.769" endtime="20211129 20:47:55.967"/>
</kw>
<kw name="Given than user access the Swag Labs website" library="Resource">
<kw name="Go To" library="SeleniumLibrary">
<arg>${URL}</arg>
<doc>Navigates the current browser window to the provided ``url``.</doc>
<msg timestamp="20211129 20:47:55.968" level="INFO">Opening url 'https://www.saucedemo.com/'</msg>
<status status="PASS" starttime="20211129 20:47:55.967" endtime="20211129 20:47:56.165"/>
</kw>
<kw name="Title Should Be" library="SeleniumLibrary">
<arg>Swag Labs</arg>
<doc>Verifies that the current page title equals ``title``.</doc>
<msg timestamp="20211129 20:47:56.172" level="INFO">Page title is 'Swag Labs'.</msg>
<status status="PASS" starttime="20211129 20:47:56.165" endtime="20211129 20:47:56.172"/>
</kw>
<kw name="Element Should Be Visible" library="SeleniumLibrary">
<arg>id=login-button</arg>
<doc>Verifies that the element identified by ``locator`` is visible.</doc>
<msg timestamp="20211129 20:47:56.206" level="INFO">Element 'id=login-button' is displayed.</msg>
<status status="PASS" starttime="20211129 20:47:56.172" endtime="20211129 20:47:56.206"/>
</kw>
<status status="PASS" starttime="20211129 20:47:55.967" endtime="20211129 20:47:56.206"/>
</kw>
<kw name="When user informs username and password" library="Resource">
<kw name="Input Text" library="SeleniumLibrary">
<arg>id=user-name</arg>
<arg>${USERNAME}</arg>
<doc>Types the given ``text`` into the text field identified by ``locator``.</doc>
<msg timestamp="20211129 20:47:56.209" level="INFO">Typing text 'standard_user' into text field 'id=user-name'.</msg>
<status status="PASS" starttime="20211129 20:47:56.208" endtime="20211129 20:47:56.310"/>
</kw>
<kw name="Input Text" library="SeleniumLibrary">
<arg>id=password</arg>
<arg>${PASSWORD}</arg>
<doc>Types the given ``text`` into the text field identified by ``locator``.</doc>
<msg timestamp="20211129 20:47:56.311" level="INFO">Typing text 'secret_sauce' into text field 'id=password'.</msg>
<status status="PASS" starttime="20211129 20:47:56.311" endtime="20211129 20:47:56.399"/>
</kw>
<status status="PASS" starttime="20211129 20:47:56.207" endtime="20211129 20:47:56.399"/>
</kw>
<kw name="And click Login button" library="Resource">
<kw name="Click Button" library="SeleniumLibrary">
<arg>id=login-button</arg>
<doc>Clicks the button identified by ``locator``.</doc>
<msg timestamp="20211129 20:47:56.401" level="INFO">Clicking button 'id=login-button'.</msg>
<status status="PASS" starttime="20211129 20:47:56.401" endtime="20211129 20:47:56.514"/>
</kw>
<status status="PASS" starttime="20211129 20:47:56.400" endtime="20211129 20:47:56.515"/>
</kw>
<kw name="And click in the button &quot;ADD TO CART&quot; of &quot;Sauce Labs Backpack&quot;" library="Resource">
<kw name="Click Button" library="SeleniumLibrary">
<arg>id=add-to-cart-sauce-labs-backpack</arg>
<doc>Clicks the button identified by ``locator``.</doc>
<msg timestamp="20211129 20:47:56.516" level="INFO">Clicking button 'id=add-to-cart-sauce-labs-backpack'.</msg>
<status status="PASS" starttime="20211129 20:47:56.516" endtime="20211129 20:47:56.660"/>
</kw>
<status status="PASS" starttime="20211129 20:47:56.515" endtime="20211129 20:47:56.660"/>
</kw>
<kw name="And click in the cart item" library="Resource">
<kw name="Click Element" library="SeleniumLibrary">
<arg>css=a.shopping_cart_link</arg>
<doc>Click the element identified by ``locator``.</doc>
<msg timestamp="20211129 20:47:56.661" level="INFO">Clicking element 'css=a.shopping_cart_link'.</msg>
<status status="PASS" starttime="20211129 20:47:56.661" endtime="20211129 20:47:56.725"/>
</kw>
<status status="PASS" starttime="20211129 20:47:56.660" endtime="20211129 20:47:56.725"/>
</kw>
<kw name="And click in the button &quot;CHECKOUT&quot;" library="Resource">
<kw name="Click Button" library="SeleniumLibrary">
<arg>id=checkout</arg>
<doc>Clicks the button identified by ``locator``.</doc>
<msg timestamp="20211129 20:47:56.728" level="INFO">Clicking button 'id=checkout'.</msg>
<status status="PASS" starttime="20211129 20:47:56.727" endtime="20211129 20:47:56.803"/>
</kw>
<status status="PASS" starttime="20211129 20:47:56.726" endtime="20211129 20:47:56.804"/>
</kw>
<kw name="And Last Name and Zip Code" library="Resource">
<kw name="Input Text" library="SeleniumLibrary">
<arg>id=last-name</arg>
<arg>${MANDATORY_FIELDS_TO_CHECKOUT[1]}</arg>
<doc>Types the given ``text`` into the text field identified by ``locator``.</doc>
<msg timestamp="20211129 20:47:56.805" level="INFO">Typing text 'Luz' into text field 'id=last-name'.</msg>
<status status="PASS" starttime="20211129 20:47:56.804" endtime="20211129 20:47:56.883"/>
</kw>
<kw name="Input Text" library="SeleniumLibrary">
<arg>id=postal-code</arg>
<arg>${MANDATORY_FIELDS_TO_CHECKOUT[2]}</arg>
<doc>Types the given ``text`` into the text field identified by ``locator``.</doc>
<msg timestamp="20211129 20:47:56.884" level="INFO">Typing text '37517000' into text field 'id=postal-code'.</msg>
<status status="PASS" starttime="20211129 20:47:56.883" endtime="20211129 20:47:56.978"/>
</kw>
<status status="PASS" starttime="20211129 20:47:56.804" endtime="20211129 20:47:56.979"/>
</kw>
<kw name="And click in the button &quot;CONTINUE&quot;" library="Resource">
<kw name="Click Button" library="SeleniumLibrary">
<arg>id=continue</arg>
<doc>Clicks the button identified by ``locator``.</doc>
<msg timestamp="20211129 20:47:56.980" level="INFO">Clicking button 'id=continue'.</msg>
<status status="PASS" starttime="20211129 20:47:56.979" endtime="20211129 20:47:57.038"/>
</kw>
<status status="PASS" starttime="20211129 20:47:56.979" endtime="20211129 20:47:57.038"/>
</kw>
<kw name="Then the message &quot;Error: First Name is required&quot; shoud appears in the continue button" library="Resource">
<kw name="Element Text Should Be" library="SeleniumLibrary">
<arg>css=h3[data-test='error']</arg>
<arg>Error: First Name is required</arg>
<doc>Verifies that element ``locator`` contains exact the text ``expected``.</doc>
<msg timestamp="20211129 20:47:57.040" level="INFO">Verifying element 'css=h3[data-test='error']' contains exact text 'Error: First Name is required'.</msg>
<status status="PASS" starttime="20211129 20:47:57.040" endtime="20211129 20:47:57.064"/>
</kw>
<status status="PASS" starttime="20211129 20:47:57.039" endtime="20211129 20:47:57.065"/>
</kw>
<kw name="Close Website" library="Resource" type="TEARDOWN">
<kw name="Close Browser" library="SeleniumLibrary">
<doc>Closes the current browser.</doc>
<status status="PASS" starttime="20211129 20:47:57.065" endtime="20211129 20:47:59.267"/>
</kw>
<status status="PASS" starttime="20211129 20:47:57.065" endtime="20211129 20:47:59.268"/>
</kw>
<status status="PASS" starttime="20211129 20:47:54.768" endtime="20211129 20:47:59.268"/>
</test>
<status status="PASS" starttime="20211129 20:47:54.533" endtime="20211129 20:47:59.270"/>
</suite>
<statistics>
<total>
<stat pass="1" fail="0" skip="0">All Tests</stat>
</total>
<tag>
</tag>
<suite>
<stat pass="1" fail="0" skip="0" id="s1" name="SwagLagsTests">SwagLagsTests</stat>
</suite>
</statistics>
<errors>
</errors>
</robot>
